{"numFailedTestSuites":13,"numFailedTests":48,"numPassedTestSuites":59,"numPassedTests":1723,"numPendingTestSuites":3,"numPendingTests":23,"numRuntimeErrorTestSuites":1,"numTodoTests":0,"numTotalTestSuites":75,"numTotalTests":1794,"openHandles":[],"snapshot":{"added":0,"didUpdate":false,"failure":false,"filesAdded":0,"filesRemoved":0,"filesRemovedList":[],"filesUnmatched":0,"filesUpdated":0,"matched":0,"total":0,"unchecked":0,"uncheckedKeysByFile":[],"unmatched":0,"updated":0},"startTime":1776854506469,"success":false,"testResults":[{"assertionResults":[{"ancestorTitles":["MusicFacade","constructor"],"duration":17,"failing":false,"failureDetails":[],"failureMessages":[],"fullName":"MusicFacade constructor should expose sub-services","invocations":1,"location":null,"numPassingAsserts":5,"retryReasons":[],"startAt":1776854515372,"status":"passed","title":"should expose sub-services"},{"ancestorTitles":["MusicFacade","updateMetrics"],"duration":11,"failing":false,"failureDetails":[],"failureMessages":[],"fullName":"MusicFacade updateMetrics should update metrics from queue stats","invocations":1,"location":null,"numPassingAsserts":1,"retryReasons":[],"startAt":1776854515403,"status":"passed","title":"should update metrics from queue stats"},{"ancestorTitles":["MusicFacade","updateMetrics"],"duration":2,"failing":false,"failureDetails":[],"failureMessages":[],"fullName":"MusicFacade updateMetrics should not throw on metric update error","invocations":1,"location":null,"numPassingAsserts":1,"retryReasons":[],"startAt":1776854515428,"status":"passed","title":"should not throw on metric update error"},{"ancestorTitles":["MusicFacade","initializeEventHandler"],"duration":10,"failing":false,"failureDetails":[],"failureMessages":[],"fullName":"MusicFacade initializeEventHandler should initialize playback event handler once","invocations":1,"location":null,"numPassingAsserts":1,"retryReasons":[],"startAt":1776854515462,"status":"passed","title":"should initialize playback event handler once"},{"ancestorTitles":["MusicFacade","Queue Operations"],"duration":11,"failing":false,"failureDetails":[],"failureMessages":[],"fullName":"MusicFacade Queue Operations should get queue","invocations":1,"location":null,"numPassingAsserts":1,"retryReasons":[],"startAt":1776854515491,"status":"passed","title":"should get queue"},{"ancestorTitles":["MusicFacade","Queue Operations"],"duration":13,"failing":false,"failureDetails":[],"failureMessages":[],"fullName":"MusicFacade Queue Operations should get queue list","invocations":1,"location":null,"numPassingAsserts":1,"retryReasons":[],"startAt":1776854515514,"status":"passed","title":"should get queue list"},{"ancestorTitles":["MusicFacade","Queue Operations"],"duration":1,"failing":false,"failureDetails":[],"failureMessages":[],"fullName":"MusicFacade Queue Operations should get queue length","invocations":1,"location":null,"numPassingAsserts":1,"retryReasons":[],"startAt":1776854515539,"status":"passed","title":"should get queue length"},{"ancestorTitles":["MusicFacade","Queue Operations"],"duration":6,"failing":false,"failureDetails":[],"failureMessages":[],"fullName":"MusicFacade Queue Operations should get current track","invocations":1,"location":null,"numPassingAsserts":1,"retryReasons":[],"startAt":1776854515541,"status":"passed","title":"should get current track"},{"ancestorTitles":["MusicFacade","Queue Operations"],"duration":12,"failing":false,"failureDetails":[],"failureMessages":[],"fullName":"MusicFacade Queue Operations should add track and emit event","invocations":1,"location":null,"numPassingAsserts":2,"retryReasons":[],"startAt":1776854515560,"status":"passed","title":"should add track and emit event"},{"ancestorTitles":["MusicFacade","Queue Operations"],"duration":2,"failing":false,"failureDetails":[],"failureMessages":[],"fullName":"MusicFacade Queue Operations should add track to front and emit event","invocations":1,"location":null,"numPassingAsserts":2,"retryReasons":[],"startAt":1776854515601,"status":"passed","title":"should add track to front and emit event"},{"ancestorTitles":["MusicFacade","Queue Operations"],"duration":6,"failing":false,"failureDetails":[],"failureMessages":[],"fullName":"MusicFacade Queue Operations should add multiple tracks and emit event","invocations":1,"location":null,"numPassingAsserts":1,"retryReasons":[],"startAt":1776854515611,"status":"passed","title":"should add multiple tracks and emit event"},{"ancestorTitles":["MusicFacade","Queue Operations"],"duration":2,"failing":false,"failureDetails":[],"failureMessages":[],"fullName":"MusicFacade Queue Operations should remove track and emit event","invocations":1,"location":null,"numPassingAsserts":1,"retryReasons":[],"startAt":1776854515622,"status":"passed","title":"should remove track and emit event"},{"ancestorTitles":["MusicFacade","Queue Operations"],"duration":2,"failing":false,"failureDetails":[],"failureMessages":[],"fullName":"MusicFacade Queue Operations should clear queue and emit event","invocations":1,"location":null,"numPassingAsserts":2,"retryReasons":[],"startAt":1776854515636,"status":"passed","title":"should clear queue and emit event"},{"ancestorTitles":["MusicFacade","Queue Operations"],"duration":3,"failing":false,"failureDetails":[],"failureMessages":[],"fullName":"MusicFacade Queue Operations should move track and emit event on success","invocations":1,"location":null,"numPassingAsserts":2,"retryReasons":[],"startAt":1776854515643,"status":"passed","title":"should move track and emit event on success"},{"ancestorTitles":["MusicFacade","Queue Operations"],"duration":5,"failing":false,"failureDetails":[],"failureMessages":[],"fullName":"MusicFacade Queue Operations should not emit event on failed move","invocations":1,"location":null,"numPassingAsserts":2,"retryReasons":[],"startAt":1776854515652,"status":"passed","title":"should not emit event on failed move"},{"ancestorTitles":["MusicFacade","Playback Operations"],"duration":12,"failing":false,"failureDetails":[],"failureMessages":[],"fullName":"MusicFacade Playback Operations should play a track","invocations":1,"location":null,"numPassingAsserts":3,"retryReasons":[],"startAt":1776854515677,"status":"passed","title":"should play a track"},{"ancestorTitles":["MusicFacade","Playback Operations"],"duration":168,"failing":false,"failureDetails":[],"failureMessages":[],"fullName":"MusicFacade Playback Operations should throw when no player","invocations":1,"location":null,"numPassingAsserts":1,"retryReasons":[],"startAt":1776854515693,"status":"passed","title":"should throw when no player"},{"ancestorTitles":["MusicFacade","Playback Operations"],"duration":30,"failing":false,"failureDetails":[],"failureMessages":[],"fullName":"MusicFacade Playback Operations should throw for invalid track","invocations":1,"location":null,"numPassingAsserts":1,"retryReasons":[],"startAt":1776854515865,"status":"passed","title":"should throw for invalid track"},{"ancestorTitles":["MusicFacade","Playback Operations"],"duration":1,"failing":false,"failureDetails":[],"failureMessages":[],"fullName":"MusicFacade Playback Operations should set isReplacing flag when replacing","invocations":1,"location":null,"numPassingAsserts":1,"retryReasons":[],"startAt":1776854515900,"status":"passed","title":"should set isReplacing flag when replacing"},{"ancestorTitles":["MusicFacade","Playback Operations"],"duration":3,"failing":false,"failureDetails":[],"failureMessages":[],"fullName":"MusicFacade Playback Operations should track metrics on play","invocations":1,"location":null,"numPassingAsserts":1,"retryReasons":[],"startAt":1776854515902,"status":"passed","title":"should track metrics on play"},{"ancestorTitles":["MusicFacade","playNext"],"duration":2,"failing":false,"failureDetails":[],"failureMessages":[],"fullName":"MusicFacade playNext should replay track in track loop mode","invocations":1,"location":null,"numPassingAsserts":2,"retryReasons":[],"startAt":1776854515907,"status":"passed","title":"should replay track in track loop mode"},{"ancestorTitles":["MusicFacade","playNext"],"duration":2,"failing":false,"failureDetails":[],"failureMessages":[],"fullName":"MusicFacade playNext should play next track from queue","invocations":1,"location":null,"numPassingAsserts":2,"retryReasons":[],"startAt":1776854515911,"status":"passed","title":"should play next track from queue"},{"ancestorTitles":["MusicFacade","playNext"],"duration":5,"failing":false,"failureDetails":[],"failureMessages":[],"fullName":"MusicFacade playNext should add current back to queue in queue loop mode","invocations":1,"location":null,"numPassingAsserts":1,"retryReasons":[],"startAt":1776854515914,"status":"passed","title":"should add current back to queue in queue loop mode"},{"ancestorTitles":["MusicFacade","playNext"],"duration":2,"failing":false,"failureDetails":[],"failureMessages":[],"fullName":"MusicFacade playNext should handle queue end when no next track","invocations":1,"location":null,"numPassingAsserts":1,"retryReasons":[],"startAt":1776854515921,"status":"passed","title":"should handle queue end when no next track"},{"ancestorTitles":["MusicFacade","skip"],"duration":2,"failing":false,"failureDetails":[],"failureMessages":[],"fullName":"MusicFacade skip should skip current track","invocations":1,"location":null,"numPassingAsserts":4,"retryReasons":[],"startAt":1776854515928,"status":"passed","title":"should skip current track"},{"ancestorTitles":["MusicFacade","skip"],"duration":2,"failing":false,"failureDetails":[],"failureMessages":[],"fullName":"MusicFacade skip should skip multiple tracks","invocations":1,"location":null,"numPassingAsserts":2,"retryReasons":[],"startAt":1776854515934,"status":"passed","title":"should skip multiple tracks"},{"ancestorTitles":["MusicFacade","skip"],"duration":5,"failing":false,"failureDetails":[],"failureMessages":[],"fullName":"MusicFacade skip should throw when no player","invocations":1,"location":null,"numPassingAsserts":1,"retryReasons":[],"startAt":1776854515943,"status":"passed","title":"should throw when no player"},{"ancestorTitles":["MusicFacade","skip"],"duration":2,"failing":false,"failureDetails":[],"failureMessages":[],"fullName":"MusicFacade skip should end skip vote","invocations":1,"location":null,"numPassingAsserts":1,"retryReasons":[],"startAt":1776854515950,"status":"passed","title":"should end skip vote"},{"ancestorTitles":["MusicFacade","togglePause"],"duration":1,"failing":false,"failureDetails":[],"failureMessages":[],"fullName":"MusicFacade togglePause should toggle pause and emit event","invocations":1,"location":null,"numPassingAsserts":2,"retryReasons":[],"startAt":1776854515954,"status":"passed","title":"should toggle pause and emit event"},{"ancestorTitles":["MusicFacade","togglePause"],"duration":2,"failing":false,"failureDetails":[],"failureMessages":[],"fullName":"MusicFacade togglePause should emit resume event","invocations":1,"location":null,"numPassingAsserts":1,"retryReasons":[],"startAt":1776854515956,"status":"passed","title":"should emit resume event"},{"ancestorTitles":["MusicFacade","togglePause"],"duration":5,"failing":false,"failureDetails":[],"failureMessages":[],"fullName":"MusicFacade togglePause should throw when no player","invocations":1,"location":null,"numPassingAsserts":1,"retryReasons":[],"startAt":1776854515962,"status":"passed","title":"should throw when no player"},{"ancestorTitles":["MusicFacade","setPaused"],"duration":7,"failing":false,"failureDetails":[],"failureMessages":[],"fullName":"MusicFacade setPaused should set paused state","invocations":1,"location":null,"numPassingAsserts":2,"retryReasons":[],"startAt":1776854515970,"status":"passed","title":"should set paused state"},{"ancestorTitles":["MusicFacade","stop"],"duration":3,"failing":false,"failureDetails":[],"failureMessages":[],"fullName":"MusicFacade stop should stop playback, clear queue, emit event","invocations":1,"location":null,"numPassingAsserts":5,"retryReasons":[],"startAt":1776854516002,"status":"passed","title":"should stop playback, clear queue, emit event"},{"ancestorTitles":["MusicFacade","Loop/Shuffle"],"duration":2,"failing":false,"failureDetails":[],"failureMessages":[],"fullName":"MusicFacade Loop/Shuffle should toggle loop and emit event","invocations":1,"location":null,"numPassingAsserts":2,"retryReasons":[],"startAt":1776854516010,"status":"passed","title":"should toggle loop and emit event"},{"ancestorTitles":["MusicFacade","Loop/Shuffle"],"duration":1,"failing":false,"failureDetails":[],"failureMessages":[],"fullName":"MusicFacade Loop/Shuffle should set loop mode","invocations":1,"location":null,"numPassingAsserts":1,"retryReasons":[],"startAt":1776854516017,"status":"passed","title":"should set loop mode"},{"ancestorTitles":["MusicFacade","Loop/Shuffle"],"duration":2,"failing":false,"failureDetails":[],"failureMessages":[],"fullName":"MusicFacade Loop/Shuffle should get loop mode","invocations":1,"location":null,"numPassingAsserts":1,"retryReasons":[],"startAt":1776854516024,"status":"passed","title":"should get loop mode"},{"ancestorTitles":["MusicFacade","Loop/Shuffle"],"duration":4,"failing":false,"failureDetails":[],"failureMessages":[],"fullName":"MusicFacade Loop/Shuffle should toggle shuffle and emit event","invocations":1,"location":null,"numPassingAsserts":2,"retryReasons":[],"startAt":1776854516029,"status":"passed","title":"should toggle shuffle and emit event"},{"ancestorTitles":["MusicFacade","Loop/Shuffle"],"duration":1,"failing":false,"failureDetails":[],"failureMessages":[],"fullName":"MusicFacade Loop/Shuffle should check shuffle state","invocations":1,"location":null,"numPassingAsserts":1,"retryReasons":[],"startAt":1776854516043,"status":"passed","title":"should check shuffle state"},{"ancestorTitles":["MusicFacade","Volume"],"duration":2,"failing":false,"failureDetails":[],"failureMessages":[],"fullName":"MusicFacade Volume should set volume on player and emit event","invocations":1,"location":null,"numPassingAsserts":3,"retryReasons":[],"startAt":1776854516046,"status":"passed","title":"should set volume on player and emit event"},{"ancestorTitles":["MusicFacade","Volume"],"duration":1,"failing":false,"failureDetails":[],"failureMessages":[],"fullName":"MusicFacade Volume should return 100 when no player","invocations":1,"location":null,"numPassingAsserts":1,"retryReasons":[],"startAt":1776854516052,"status":"passed","title":"should return 100 when no player"},{"ancestorTitles":["MusicFacade","Volume"],"duration":10,"failing":false,"failureDetails":[],"failureMessages":[],"fullName":"MusicFacade Volume should get volume","invocations":1,"location":null,"numPassingAsserts":1,"retryReasons":[],"startAt":1776854516054,"status":"passed","title":"should get volume"},{"ancestorTitles":["MusicFacade","Volume"],"duration":2,"failing":false,"failureDetails":[],"failureMessages":[],"fullName":"MusicFacade Volume should adjust volume by delta","invocations":1,"location":null,"numPassingAsserts":1,"retryReasons":[],"startAt":1776854516066,"status":"passed","title":"should adjust volume by delta"},{"ancestorTitles":["MusicFacade","Voice Connection"],"duration":2,"failing":false,"failureDetails":[],"failureMessages":[],"fullName":"MusicFacade Voice Connection should check connection status","invocations":1,"location":null,"numPassingAsserts":1,"retryReasons":[],"startAt":1776854516070,"status":"passed","title":"should check connection status"},{"ancestorTitles":["MusicFacade","Voice Connection"],"duration":1,"failing":false,"failureDetails":[],"failureMessages":[],"fullName":"MusicFacade Voice Connection should disconnect","invocations":1,"location":null,"numPassingAsserts":1,"retryReasons":[],"startAt":1776854516074,"status":"passed","title":"should disconnect"},{"ancestorTitles":["MusicFacade","Voice Connection"],"duration":3,"failing":false,"failureDetails":[],"failureMessages":[],"fullName":"MusicFacade Voice Connection should get voice channel ID","invocations":1,"location":null,"numPassingAsserts":1,"retryReasons":[],"startAt":1776854516085,"status":"passed","title":"should get voice channel ID"},{"ancestorTitles":["MusicFacade","Voice Connection"],"duration":1,"failing":false,"failureDetails":[],"failureMessages":[],"fullName":"MusicFacade Voice Connection should get listener count","invocations":1,"location":null,"numPassingAsserts":1,"retryReasons":[],"startAt":1776854516092,"status":"passed","title":"should get listener count"},{"ancestorTitles":["MusicFacade","Auto-Play"],"duration":3,"failing":false,"failureDetails":[],"failureMessages":[],"fullName":"MusicFacade Auto-Play should toggle auto-play and emit event","invocations":1,"location":null,"numPassingAsserts":4,"retryReasons":[],"startAt":1776854516095,"status":"passed","title":"should toggle auto-play and emit event"},{"ancestorTitles":["MusicFacade","Auto-Play"],"duration":1,"failing":false,"failureDetails":[],"failureMessages":[],"fullName":"MusicFacade Auto-Play should check auto-play state","invocations":1,"location":null,"numPassingAsserts":1,"retryReasons":[],"startAt":1776854516099,"status":"passed","title":"should check auto-play state"},{"ancestorTitles":["MusicFacade","Auto-Play"],"duration":2,"failing":false,"failureDetails":[],"failureMessages":[],"fullName":"MusicFacade Auto-Play should return false when no queue","invocations":1,"location":null,"numPassingAsserts":1,"retryReasons":[],"startAt":1776854516102,"status":"passed","title":"should return false when no queue"},{"ancestorTitles":["MusicFacade","handleQueueEnd"],"duration":19,"failing":false,"failureDetails":[],"failureMessages":[],"fullName":"MusicFacade handleQueueEnd should try auto-play when enabled","invocations":1,"location":null,"numPassingAsserts":2,"retryReasons":[],"startAt":1776854516110,"status":"passed","title":"should try auto-play when enabled"},{"ancestorTitles":["MusicFacade","handleQueueEnd"],"duration":3,"failing":false,"failureDetails":[],"failureMessages":[],"fullName":"MusicFacade handleQueueEnd should set inactivity timer when no auto-play","invocations":1,"location":null,"numPassingAsserts":1,"retryReasons":[],"startAt":1776854516138,"status":"passed","title":"should set inactivity timer when no auto-play"},{"ancestorTitles":["MusicFacade","handleQueueEnd"],"duration":6,"failing":false,"failureDetails":[{"matcherResult":{"message":"\u001b[2mexpect(\u001b[22m\u001b[31mjest.fn()\u001b[39m\u001b[2m).\u001b[22mtoHaveBeenCalled\u001b[2m()\u001b[22m\n\nExpected number of calls: >= \u001b[32m1\u001b[39m\nReceived number of calls:    \u001b[31m0\u001b[39m","pass":false}}],"failureMessages":["Error: \u001b[2mexpect(\u001b[22m\u001b[31mjest.fn()\u001b[39m\u001b[2m).\u001b[22mtoHaveBeenCalled\u001b[2m()\u001b[22m\n\nExpected number of calls: >= \u001b[32m1\u001b[39m\nReceived number of calls:    \u001b[31m0\u001b[39m\n    at Object.<anonymous> (D:\\Project\\ShoukakuBot\\shoukaku-backend\\tests\\unit\\services\\music\\MusicFacade.test.ts:655:63)"],"fullName":"MusicFacade handleQueueEnd should send queue finished embed","invocations":1,"location":null,"numPassingAsserts":0,"retryReasons":[],"startAt":1776854516143,"status":"failed","title":"should send queue finished embed"},{"ancestorTitles":["MusicFacade","handleQueueEnd"],"duration":4,"failing":false,"failureDetails":[],"failureMessages":[],"fullName":"MusicFacade handleQueueEnd should handle auto-play failure gracefully","invocations":1,"location":null,"numPassingAsserts":1,"retryReasons":[],"startAt":1776854516158,"status":"passed","title":"should handle auto-play failure gracefully"},{"ancestorTitles":["MusicFacade","cleanup"],"duration":3,"failing":false,"failureDetails":[],"failureMessages":[],"fullName":"MusicFacade cleanup should perform full cleanup","invocations":1,"location":null,"numPassingAsserts":9,"retryReasons":[],"startAt":1776854516168,"status":"passed","title":"should perform full cleanup"},{"ancestorTitles":["MusicFacade","Skip Vote"],"duration":6,"failing":false,"failureDetails":[],"failureMessages":[],"fullName":"MusicFacade Skip Vote should start skip vote and emit event","invocations":1,"location":null,"numPassingAsserts":2,"retryReasons":[],"startAt":1776854516172,"status":"passed","title":"should start skip vote and emit event"},{"ancestorTitles":["MusicFacade","Skip Vote"],"duration":2,"failing":false,"failureDetails":[],"failureMessages":[],"fullName":"MusicFacade Skip Vote should add skip vote and emit event","invocations":1,"location":null,"numPassingAsserts":2,"retryReasons":[],"startAt":1776854516183,"status":"passed","title":"should add skip vote and emit event"},{"ancestorTitles":["MusicFacade","Skip Vote"],"duration":1,"failing":false,"failureDetails":[],"failureMessages":[],"fullName":"MusicFacade Skip Vote should end skip vote","invocations":1,"location":null,"numPassingAsserts":1,"retryReasons":[],"startAt":1776854516188,"status":"passed","title":"should end skip vote"},{"ancestorTitles":["MusicFacade","Skip Vote"],"duration":1,"failing":false,"failureDetails":[],"failureMessages":[],"fullName":"MusicFacade Skip Vote should check skip vote state","invocations":1,"location":null,"numPassingAsserts":1,"retryReasons":[],"startAt":1776854516190,"status":"passed","title":"should check skip vote state"},{"ancestorTitles":["MusicFacade","Skip Vote"],"duration":2,"failing":false,"failureDetails":[],"failureMessages":[],"fullName":"MusicFacade Skip Vote should check if skip vote active","invocations":1,"location":null,"numPassingAsserts":1,"retryReasons":[],"startAt":1776854516194,"status":"passed","title":"should check if skip vote active"},{"ancestorTitles":["MusicFacade","Now Playing Message"],"duration":2,"failing":false,"failureDetails":[],"failureMessages":[],"fullName":"MusicFacade Now Playing Message should set now playing message","invocations":1,"location":null,"numPassingAsserts":1,"retryReasons":[],"startAt":1776854516196,"status":"passed","title":"should set now playing message"},{"ancestorTitles":["MusicFacade","Now Playing Message"],"duration":1,"failing":false,"failureDetails":[],"failureMessages":[],"fullName":"MusicFacade Now Playing Message should get now playing message ref","invocations":1,"location":null,"numPassingAsserts":1,"retryReasons":[],"startAt":1776854516204,"status":"passed","title":"should get now playing message ref"},{"ancestorTitles":["MusicFacade","User Data"],"duration":1,"failing":false,"failureDetails":[],"failureMessages":[],"fullName":"MusicFacade User Data should add favorite","invocations":1,"location":null,"numPassingAsserts":1,"retryReasons":[],"startAt":1776854516208,"status":"passed","title":"should add favorite"},{"ancestorTitles":["MusicFacade","User Data"],"duration":4,"failing":false,"failureDetails":[],"failureMessages":[],"fullName":"MusicFacade User Data should remove favorite","invocations":1,"location":null,"numPassingAsserts":1,"retryReasons":[],"startAt":1776854516212,"status":"passed","title":"should remove favorite"},{"ancestorTitles":["MusicFacade","User Data"],"duration":2,"failing":false,"failureDetails":[],"failureMessages":[],"fullName":"MusicFacade User Data should get favorites","invocations":1,"location":null,"numPassingAsserts":1,"retryReasons":[],"startAt":1776854516221,"status":"passed","title":"should get favorites"},{"ancestorTitles":["MusicFacade","User Data"],"duration":1,"failing":false,"failureDetails":[],"failureMessages":[],"fullName":"MusicFacade User Data should check if favorited","invocations":1,"location":null,"numPassingAsserts":1,"retryReasons":[],"startAt":1776854516228,"status":"passed","title":"should check if favorited"},{"ancestorTitles":["MusicFacade","User Data"],"duration":1,"failing":false,"failureDetails":[],"failureMessages":[],"fullName":"MusicFacade User Data should add to history","invocations":1,"location":null,"numPassingAsserts":1,"retryReasons":[],"startAt":1776854516231,"status":"passed","title":"should add to history"},{"ancestorTitles":["MusicFacade","User Data"],"duration":1,"failing":false,"failureDetails":[],"failureMessages":[],"fullName":"MusicFacade User Data should get history","invocations":1,"location":null,"numPassingAsserts":1,"retryReasons":[],"startAt":1776854516233,"status":"passed","title":"should get history"},{"ancestorTitles":["MusicFacade","User Data"],"duration":1,"failing":false,"failureDetails":[],"failureMessages":[],"fullName":"MusicFacade User Data should clear history","invocations":1,"location":null,"numPassingAsserts":1,"retryReasons":[],"startAt":1776854516241,"status":"passed","title":"should clear history"},{"ancestorTitles":["MusicFacade","User Data"],"duration":3,"failing":false,"failureDetails":[],"failureMessages":[],"fullName":"MusicFacade User Data should get/set preferences","invocations":1,"location":null,"numPassingAsserts":2,"retryReasons":[],"startAt":1776854516246,"status":"passed","title":"should get/set preferences"},{"ancestorTitles":["MusicFacade","Loop Count"],"duration":1,"failing":false,"failureDetails":[],"failureMessages":[],"fullName":"MusicFacade Loop Count should get loop count","invocations":1,"location":null,"numPassingAsserts":1,"retryReasons":[],"startAt":1776854516251,"status":"passed","title":"should get loop count"},{"ancestorTitles":["MusicFacade","Loop Count"],"duration":1,"failing":false,"failureDetails":[],"failureMessages":[],"fullName":"MusicFacade Loop Count should increment loop count","invocations":1,"location":null,"numPassingAsserts":1,"retryReasons":[],"startAt":1776854516253,"status":"passed","title":"should increment loop count"},{"ancestorTitles":["MusicFacade","Loop Count"],"duration":1,"failing":false,"failureDetails":[],"failureMessages":[],"fullName":"MusicFacade Loop Count should reset loop count","invocations":1,"location":null,"numPassingAsserts":1,"retryReasons":[],"startAt":1776854516255,"status":"passed","title":"should reset loop count"},{"ancestorTitles":["MusicFacade","Search"],"duration":1,"failing":false,"failureDetails":[],"failureMessages":[],"fullName":"MusicFacade Search should delegate search to playbackService","invocations":1,"location":null,"numPassingAsserts":1,"retryReasons":[],"startAt":1776854516257,"status":"passed","title":"should delegate search to playbackService"},{"ancestorTitles":["MusicFacade","Search"],"duration":2,"failing":false,"failureDetails":[],"failureMessages":[],"fullName":"MusicFacade Search should search playlist","invocations":1,"location":null,"numPassingAsserts":1,"retryReasons":[],"startAt":1776854516261,"status":"passed","title":"should search playlist"},{"ancestorTitles":["MusicFacade","Search"],"duration":2,"failing":false,"failureDetails":[],"failureMessages":[],"fullName":"MusicFacade Search should return null for failed playlist search","invocations":1,"location":null,"numPassingAsserts":1,"retryReasons":[],"startAt":1776854516270,"status":"passed","title":"should return null for failed playlist search"},{"ancestorTitles":["MusicFacade","Event Bus"],"duration":3,"failing":false,"failureDetails":[],"failureMessages":[],"fullName":"MusicFacade Event Bus should subscribe to events","invocations":1,"location":null,"numPassingAsserts":2,"retryReasons":[],"startAt":1776854516274,"status":"passed","title":"should subscribe to events"},{"ancestorTitles":["MusicFacade","Event Bus"],"duration":1,"failing":false,"failureDetails":[],"failureMessages":[],"fullName":"MusicFacade Event Bus should subscribe to guild events","invocations":1,"location":null,"numPassingAsserts":1,"retryReasons":[],"startAt":1776854516281,"status":"passed","title":"should subscribe to guild events"},{"ancestorTitles":["MusicFacade","Event Bus"],"duration":1,"failing":false,"failureDetails":[],"failureMessages":[],"fullName":"MusicFacade Event Bus should get event stats","invocations":1,"location":null,"numPassingAsserts":1,"retryReasons":[],"startAt":1776854516287,"status":"passed","title":"should get event stats"},{"ancestorTitles":["MusicFacade","Utilities"],"duration":2,"failing":false,"failureDetails":[],"failureMessages":[],"fullName":"MusicFacade Utilities should get player","invocations":1,"location":null,"numPassingAsserts":1,"retryReasons":[],"startAt":1776854516289,"status":"passed","title":"should get player"},{"ancestorTitles":["MusicFacade","Utilities"],"duration":1,"failing":false,"failureDetails":[],"failureMessages":[],"fullName":"MusicFacade Utilities should check Lavalink ready","invocations":1,"location":null,"numPassingAsserts":1,"retryReasons":[],"startAt":1776854516292,"status":"passed","title":"should check Lavalink ready"},{"ancestorTitles":["MusicFacade","Utilities"],"duration":5,"failing":false,"failureDetails":[],"failureMessages":[],"fullName":"MusicFacade Utilities should get queue state","invocations":1,"location":null,"numPassingAsserts":1,"retryReasons":[],"startAt":1776854516294,"status":"passed","title":"should get queue state"},{"ancestorTitles":["MusicFacade","Utilities"],"duration":2,"failing":false,"failureDetails":[],"failureMessages":[],"fullName":"MusicFacade Utilities should get stats","invocations":1,"location":null,"numPassingAsserts":4,"retryReasons":[],"startAt":1776854516308,"status":"passed","title":"should get stats"},{"ancestorTitles":["MusicFacade","Utilities"],"duration":1,"failing":false,"failureDetails":[],"failureMessages":[],"fullName":"MusicFacade Utilities should expose transitionMutex","invocations":1,"location":null,"numPassingAsserts":1,"retryReasons":[],"startAt":1776854516312,"status":"passed","title":"should expose transitionMutex"},{"ancestorTitles":["MusicFacade","shutdownAll"],"duration":3,"failing":false,"failureDetails":[],"failureMessages":[],"fullName":"MusicFacade shutdownAll should shutdown all sub-services","invocations":1,"location":null,"numPassingAsserts":3,"retryReasons":[],"startAt":1776854516317,"status":"passed","title":"should shutdown all sub-services"}],"endTime":1776854516628,"message":"\u001b[1m\u001b[31m  \u001b[1m● \u001b[22m\u001b[1mMusicFacade › handleQueueEnd › should send queue finished embed\u001b[39m\u001b[22m\n\n    \u001b[2mexpect(\u001b[22m\u001b[31mjest.fn()\u001b[39m\u001b[2m).\u001b[22mtoHaveBeenCalled\u001b[2m()\u001b[22m\n\n    Expected number of calls: >= \u001b[32m1\u001b[39m\n    Received number of calls:    \u001b[31m0\u001b[39m\n\u001b[2m\u001b[22m\n\u001b[2m    \u001b[0m \u001b[90m 653 |\u001b[39m\u001b[22m\n\u001b[2m     \u001b[90m 654 |\u001b[39m             \u001b[36mawait\u001b[39m musicFacade\u001b[33m.\u001b[39mhandleQueueEnd(\u001b[32m'guild1'\u001b[39m)\u001b[33m;\u001b[39m\u001b[22m\n\u001b[2m    \u001b[31m\u001b[1m>\u001b[22m\u001b[2m\u001b[39m\u001b[90m 655 |\u001b[39m             expect(mockTrackHandler\u001b[33m.\u001b[39mcreateQueueFinishedEmbed)\u001b[33m.\u001b[39mtoHaveBeenCalled()\u001b[33m;\u001b[39m\u001b[22m\n\u001b[2m     \u001b[90m     |\u001b[39m                                                               \u001b[31m\u001b[1m^\u001b[22m\u001b[2m\u001b[39m\u001b[22m\n\u001b[2m     \u001b[90m 656 |\u001b[39m             expect(mockTextChannel\u001b[33m.\u001b[39msend)\u001b[33m.\u001b[39mtoHaveBeenCalled()\u001b[33m;\u001b[39m\u001b[22m\n\u001b[2m     \u001b[90m 657 |\u001b[39m         })\u001b[33m;\u001b[39m\u001b[22m\n\u001b[2m     \u001b[90m 658 |\u001b[39m\u001b[0m\u001b[22m\n\u001b[2m\u001b[22m\n\u001b[2m      \u001b[2mat Object.<anonymous> (\u001b[22m\u001b[2m\u001b[0m\u001b[36mtests/unit/services/music/MusicFacade.test.ts\u001b[39m\u001b[0m\u001b[2m:655:63)\u001b[22m\u001b[2m\u001b[22m\n","name":"D:\\Project\\ShoukakuBot\\shoukaku-backend\\tests\\unit\\services\\music\\MusicFacade.test.ts","startTime":1776854508171,"status":"failed","summary":""},{"assertionResults":[{"ancestorTitles":["validateTable()"],"duration":9,"failing":false,"failureDetails":[],"failureMessages":[],"fullName":"validateTable() should accept all whitelisted tables","invocations":1,"location":null,"numPassingAsserts":21,"retryReasons":[],"startAt":1776854518191,"status":"passed","title":"should accept all whitelisted tables"},{"ancestorTitles":["validateTable()"],"duration":98,"failing":false,"failureDetails":[],"failureMessages":[],"fullName":"validateTable() should reject non-whitelisted tables","invocations":1,"location":null,"numPassingAsserts":3,"retryReasons":[],"startAt":1776854518203,"status":"passed","title":"should reject non-whitelisted tables"},{"ancestorTitles":["validateTable()"],"duration":4,"failing":false,"failureDetails":[],"failureMessages":[],"fullName":"validateTable() should reject SQL injection attempts","invocations":1,"location":null,"numPassingAsserts":2,"retryReasons":[],"startAt":1776854518303,"status":"passed","title":"should reject SQL injection attempts"},{"ancestorTitles":["validateTable()"],"duration":3,"failing":false,"failureDetails":[],"failureMessages":[],"fullName":"validateTable() should be case-sensitive","invocations":1,"location":null,"numPassingAsserts":2,"retryReasons":[],"startAt":1776854518309,"status":"passed","title":"should be case-sensitive"},{"ancestorTitles":["validateIdentifier()"],"duration":3,"failing":false,"failureDetails":[],"failureMessages":[],"fullName":"validateIdentifier() should accept valid identifiers","invocations":1,"location":null,"numPassingAsserts":6,"retryReasons":[],"startAt":1776854518315,"status":"passed","title":"should accept valid identifiers"},{"ancestorTitles":["validateIdentifier()"],"duration":11,"failing":false,"failureDetails":[],"failureMessages":[],"fullName":"validateIdentifier() should reject identifiers starting with numbers","invocations":1,"location":null,"numPassingAsserts":2,"retryReasons":[],"startAt":1776854518323,"status":"passed","title":"should reject identifiers starting with numbers"},{"ancestorTitles":["validateIdentifier()"],"duration":15,"failing":false,"failureDetails":[],"failureMessages":[],"fullName":"validateIdentifier() should reject identifiers with special characters","invocations":1,"location":null,"numPassingAsserts":5,"retryReasons":[],"startAt":1776854518336,"status":"passed","title":"should reject identifiers with special characters"},{"ancestorTitles":["validateIdentifier()"],"duration":2,"failing":false,"failureDetails":[],"failureMessages":[],"fullName":"validateIdentifier() should reject SQL injection in identifiers","invocations":1,"location":null,"numPassingAsserts":2,"retryReasons":[],"startAt":1776854518356,"status":"passed","title":"should reject SQL injection in identifiers"},{"ancestorTitles":["validateIdentifier()"],"duration":3,"failing":false,"failureDetails":[],"failureMessages":[],"fullName":"validateIdentifier() should reject empty identifiers","invocations":1,"location":null,"numPassingAsserts":1,"retryReasons":[],"startAt":1776854518362,"status":"passed","title":"should reject empty identifiers"},{"ancestorTitles":["ALLOWED_TABLES"],"duration":4,"failing":false,"failureDetails":[],"failureMessages":[],"fullName":"ALLOWED_TABLES should contain core tables","invocations":1,"location":null,"numPassingAsserts":4,"retryReasons":[],"startAt":1776854518367,"status":"passed","title":"should contain core tables"},{"ancestorTitles":["ALLOWED_TABLES"],"duration":4,"failing":false,"failureDetails":[],"failureMessages":[],"fullName":"ALLOWED_TABLES should contain moderation tables","invocations":1,"location":null,"numPassingAsserts":6,"retryReasons":[],"startAt":1776854518377,"status":"passed","title":"should contain moderation tables"},{"ancestorTitles":["ALLOWED_TABLES"],"duration":2,"failing":false,"failureDetails":[],"failureMessages":[],"fullName":"ALLOWED_TABLES should contain music tables","invocations":1,"location":null,"numPassingAsserts":3,"retryReasons":[],"startAt":1776854518394,"status":"passed","title":"should contain music tables"},{"ancestorTitles":["ALLOWED_TABLES"],"duration":1,"failing":false,"failureDetails":[],"failureMessages":[],"fullName":"ALLOWED_TABLES should be frozen (immutable)","invocations":1,"location":null,"numPassingAsserts":2,"retryReasons":[],"startAt":1776854518399,"status":"passed","title":"should be frozen (immutable)"},{"ancestorTitles":["TRANSIENT_ERROR_CODES"],"duration":1,"failing":false,"failureDetails":[],"failureMessages":[],"fullName":"TRANSIENT_ERROR_CODES should include serialization failures","invocations":1,"location":null,"numPassingAsserts":1,"retryReasons":[],"startAt":1776854518401,"status":"passed","title":"should include serialization failures"},{"ancestorTitles":["TRANSIENT_ERROR_CODES"],"duration":2,"failing":false,"failureDetails":[],"failureMessages":[],"fullName":"TRANSIENT_ERROR_CODES should include deadlock","invocations":1,"location":null,"numPassingAsserts":1,"retryReasons":[],"startAt":1776854518410,"status":"passed","title":"should include deadlock"},{"ancestorTitles":["TRANSIENT_ERROR_CODES"],"duration":2,"failing":false,"failureDetails":[],"failureMessages":[],"fullName":"TRANSIENT_ERROR_CODES should include connection failures","invocations":1,"location":null,"numPassingAsserts":3,"retryReasons":[],"startAt":1776854518413,"status":"passed","title":"should include connection failures"},{"ancestorTitles":["TRANSIENT_ERROR_CODES"],"duration":3,"failing":false,"failureDetails":[],"failureMessages":[],"fullName":"TRANSIENT_ERROR_CODES should include resource exhaustion","invocations":1,"location":null,"numPassingAsserts":2,"retryReasons":[],"startAt":1776854518422,"status":"passed","title":"should include resource exhaustion"},{"ancestorTitles":["PostgresDatabase","initial state"],"duration":4,"failing":false,"failureDetails":[],"failureMessages":[],"fullName":"PostgresDatabase initial state should start disconnected","invocations":1,"location":null,"numPassingAsserts":1,"retryReasons":[],"startAt":1776854518428,"status":"passed","title":"should start disconnected"},{"ancestorTitles":["PostgresDatabase","initial state"],"duration":3,"failing":false,"failureDetails":[],"failureMessages":[],"fullName":"PostgresDatabase initial state should have read replica disabled","invocations":1,"location":null,"numPassingAsserts":1,"retryReasons":[],"startAt":1776854518436,"status":"passed","title":"should have read replica disabled"},{"ancestorTitles":["PostgresDatabase","initial state"],"duration":2,"failing":false,"failureDetails":[],"failureMessages":[],"fullName":"PostgresDatabase initial state should have default retry config","invocations":1,"location":null,"numPassingAsserts":1,"retryReasons":[],"startAt":1776854518441,"status":"passed","title":"should have default retry config"},{"ancestorTitles":["PostgresDatabase","initialize()"],"duration":5,"failing":false,"failureDetails":[],"failureMessages":[],"fullName":"PostgresDatabase initialize() should connect to database","invocations":1,"location":null,"numPassingAsserts":3,"retryReasons":[],"startAt":1776854518444,"status":"passed","title":"should connect to database"},{"ancestorTitles":["PostgresDatabase","initialize()"],"duration":3,"failing":false,"failureDetails":[],"failureMessages":[],"fullName":"PostgresDatabase initialize() should register with graceful degradation","invocations":1,"location":null,"numPassingAsserts":3,"retryReasons":[],"startAt":1776854518454,"status":"passed","title":"should register with graceful degradation"},{"ancestorTitles":["PostgresDatabase","initialize()"],"duration":2,"failing":false,"failureDetails":[],"failureMessages":[],"fullName":"PostgresDatabase initialize() should be idempotent","invocations":1,"location":null,"numPassingAsserts":1,"retryReasons":[],"startAt":1776854518460,"status":"passed","title":"should be idempotent"},{"ancestorTitles":["PostgresDatabase","initialize()"],"duration":4,"failing":false,"failureDetails":[],"failureMessages":[],"fullName":"PostgresDatabase initialize() should throw on connection failure","invocations":1,"location":null,"numPassingAsserts":2,"retryReasons":[],"startAt":1776854518463,"status":"passed","title":"should throw on connection failure"},{"ancestorTitles":["PostgresDatabase","query()"],"duration":4,"failing":false,"failureDetails":[],"failureMessages":[],"fullName":"PostgresDatabase query() should execute a query","invocations":1,"location":null,"numPassingAsserts":2,"retryReasons":[],"startAt":1776854518470,"status":"passed","title":"should execute a query"},{"ancestorTitles":["PostgresDatabase","query()"],"duration":5,"failing":false,"failureDetails":[],"failureMessages":[],"fullName":"PostgresDatabase query() should throw when database not initialized","invocations":1,"location":null,"numPassingAsserts":1,"retryReasons":[],"startAt":1776854518476,"status":"passed","title":"should throw when database not initialized"},{"ancestorTitles":["PostgresDatabase","query()"],"duration":3,"failing":false,"failureDetails":[],"failureMessages":[],"fullName":"PostgresDatabase query() should reset failure count on success","invocations":1,"location":null,"numPassingAsserts":1,"retryReasons":[],"startAt":1776854518482,"status":"passed","title":"should reset failure count on success"},{"ancestorTitles":["PostgresDatabase","query()"],"duration":3,"failing":false,"failureDetails":[],"failureMessages":[],"fullName":"PostgresDatabase query() should throw on query error","invocations":1,"location":null,"numPassingAsserts":1,"retryReasons":[],"startAt":1776854518494,"status":"passed","title":"should throw on query error"},{"ancestorTitles":["PostgresDatabase","query()"],"duration":4,"failing":false,"failureDetails":[],"failureMessages":[],"fullName":"PostgresDatabase query() should not retry when noRetry is set","invocations":1,"location":null,"numPassingAsserts":2,"retryReasons":[],"startAt":1776854518497,"status":"passed","title":"should not retry when noRetry is set"},{"ancestorTitles":["PostgresDatabase","query() - retry behavior"],"duration":26,"failing":false,"failureDetails":[],"failureMessages":[],"fullName":"PostgresDatabase query() - retry behavior should retry on transient errors","invocations":1,"location":null,"numPassingAsserts":2,"retryReasons":[],"startAt":1776854518505,"status":"passed","title":"should retry on transient errors"},{"ancestorTitles":["PostgresDatabase","query() - retry behavior"],"duration":26,"failing":false,"failureDetails":[],"failureMessages":[],"fullName":"PostgresDatabase query() - retry behavior should retry on connection refused errors","invocations":1,"location":null,"numPassingAsserts":1,"retryReasons":[],"startAt":1776854518534,"status":"passed","title":"should retry on connection refused errors"},{"ancestorTitles":["PostgresDatabase","query() - retry behavior"],"duration":2,"failing":false,"failureDetails":[],"failureMessages":[],"fullName":"PostgresDatabase query() - retry behavior should not retry on non-transient errors","invocations":1,"location":null,"numPassingAsserts":2,"retryReasons":[],"startAt":1776854518562,"status":"passed","title":"should not retry on non-transient errors"},{"ancestorTitles":["PostgresDatabase","query() - retry behavior"],"duration":55,"failing":false,"failureDetails":[],"failureMessages":[],"fullName":"PostgresDatabase query() - retry behavior should exhaust retries and throw on persistent transient error","invocations":1,"location":null,"numPassingAsserts":2,"retryReasons":[],"startAt":1776854518568,"status":"passed","title":"should exhaust retries and throw on persistent transient error"},{"ancestorTitles":["PostgresDatabase","query() - retry behavior"],"duration":16,"failing":false,"failureDetails":[],"failureMessages":[],"fullName":"PostgresDatabase query() - retry behavior should respect custom retry count","invocations":1,"location":null,"numPassingAsserts":2,"retryReasons":[],"startAt":1776854518626,"status":"passed","title":"should respect custom retry count"},{"ancestorTitles":["PostgresDatabase","getOne()"],"duration":3,"failing":false,"failureDetails":[],"failureMessages":[],"fullName":"PostgresDatabase getOne() should return first row","invocations":1,"location":null,"numPassingAsserts":1,"retryReasons":[],"startAt":1776854518644,"status":"passed","title":"should return first row"},{"ancestorTitles":["PostgresDatabase","getOne()"],"duration":1,"failing":false,"failureDetails":[],"failureMessages":[],"fullName":"PostgresDatabase getOne() should return null when no rows","invocations":1,"location":null,"numPassingAsserts":1,"retryReasons":[],"startAt":1776854518649,"status":"passed","title":"should return null when no rows"},{"ancestorTitles":["PostgresDatabase","getMany()"],"duration":2,"failing":false,"failureDetails":[],"failureMessages":[],"fullName":"PostgresDatabase getMany() should return all rows","invocations":1,"location":null,"numPassingAsserts":1,"retryReasons":[],"startAt":1776854518657,"status":"passed","title":"should return all rows"},{"ancestorTitles":["PostgresDatabase","getMany()"],"duration":3,"failing":false,"failureDetails":[],"failureMessages":[],"fullName":"PostgresDatabase getMany() should return empty array when no rows","invocations":1,"location":null,"numPassingAsserts":1,"retryReasons":[],"startAt":1776854518661,"status":"passed","title":"should return empty array when no rows"},{"ancestorTitles":["PostgresDatabase","insert()"],"duration":7,"failing":false,"failureDetails":[],"failureMessages":[],"fullName":"PostgresDatabase insert() should insert and return row","invocations":1,"location":null,"numPassingAsserts":2,"retryReasons":[],"startAt":1776854518671,"status":"passed","title":"should insert and return row"},{"ancestorTitles":["PostgresDatabase","insert()"],"duration":3,"failing":false,"failureDetails":[],"failureMessages":[],"fullName":"PostgresDatabase insert() should reject invalid table","invocations":1,"location":null,"numPassingAsserts":1,"retryReasons":[],"startAt":1776854518682,"status":"passed","title":"should reject invalid table"},{"ancestorTitles":["PostgresDatabase","insert()"],"duration":5,"failing":false,"failureDetails":[],"failureMessages":[],"fullName":"PostgresDatabase insert() should reject invalid column names","invocations":1,"location":null,"numPassingAsserts":1,"retryReasons":[],"startAt":1776854518687,"status":"passed","title":"should reject invalid column names"},{"ancestorTitles":["PostgresDatabase","update()"],"duration":2,"failing":false,"failureDetails":[],"failureMessages":[],"fullName":"PostgresDatabase update() should update and return row","invocations":1,"location":null,"numPassingAsserts":2,"retryReasons":[],"startAt":1776854518704,"status":"passed","title":"should update and return row"},{"ancestorTitles":["PostgresDatabase","update()"],"duration":3,"failing":false,"failureDetails":[],"failureMessages":[],"fullName":"PostgresDatabase update() should return null when no rows match","invocations":1,"location":null,"numPassingAsserts":1,"retryReasons":[],"startAt":1776854518708,"status":"passed","title":"should return null when no rows match"},{"ancestorTitles":["PostgresDatabase","update()"],"duration":7,"failing":false,"failureDetails":[],"failureMessages":[],"fullName":"PostgresDatabase update() should reject invalid table","invocations":1,"location":null,"numPassingAsserts":1,"retryReasons":[],"startAt":1776854518712,"status":"passed","title":"should reject invalid table"},{"ancestorTitles":["PostgresDatabase","delete()"],"duration":3,"failing":false,"failureDetails":[],"failureMessages":[],"fullName":"PostgresDatabase delete() should delete and return count","invocations":1,"location":null,"numPassingAsserts":2,"retryReasons":[],"startAt":1776854518722,"status":"passed","title":"should delete and return count"},{"ancestorTitles":["PostgresDatabase","delete()"],"duration":1,"failing":false,"failureDetails":[],"failureMessages":[],"fullName":"PostgresDatabase delete() should return 0 when no rows deleted","invocations":1,"location":null,"numPassingAsserts":1,"retryReasons":[],"startAt":1776854518730,"status":"passed","title":"should return 0 when no rows deleted"},{"ancestorTitles":["PostgresDatabase","delete()"],"duration":7,"failing":false,"failureDetails":[],"failureMessages":[],"fullName":"PostgresDatabase delete() should reject invalid table","invocations":1,"location":null,"numPassingAsserts":1,"retryReasons":[],"startAt":1776854518732,"status":"passed","title":"should reject invalid table"},{"ancestorTitles":["PostgresDatabase","upsert()"],"duration":4,"failing":false,"failureDetails":[],"failureMessages":[],"fullName":"PostgresDatabase upsert() should upsert with conflict resolution","invocations":1,"location":null,"numPassingAsserts":2,"retryReasons":[],"startAt":1776854518743,"status":"passed","title":"should upsert with conflict resolution"},{"ancestorTitles":["PostgresDatabase","upsert()"],"duration":6,"failing":false,"failureDetails":[],"failureMessages":[],"fullName":"PostgresDatabase upsert() should handle upsert with only conflict key","invocations":1,"location":null,"numPassingAsserts":1,"retryReasons":[],"startAt":1776854518753,"status":"passed","title":"should handle upsert with only conflict key"},{"ancestorTitles":["PostgresDatabase","upsert()"],"duration":4,"failing":false,"failureDetails":[],"failureMessages":[],"fullName":"PostgresDatabase upsert() should reject invalid table","invocations":1,"location":null,"numPassingAsserts":1,"retryReasons":[],"startAt":1776854518767,"status":"passed","title":"should reject invalid table"},{"ancestorTitles":["PostgresDatabase","transaction()"],"duration":2,"failing":false,"failureDetails":[],"failureMessages":[],"fullName":"PostgresDatabase transaction() should execute callback within transaction","invocations":1,"location":null,"numPassingAsserts":3,"retryReasons":[],"startAt":1776854518781,"status":"passed","title":"should execute callback within transaction"},{"ancestorTitles":["PostgresDatabase","transaction()"],"duration":4,"failing":false,"failureDetails":[],"failureMessages":[],"fullName":"PostgresDatabase transaction() should rollback on error","invocations":1,"location":null,"numPassingAsserts":3,"retryReasons":[],"startAt":1776854518787,"status":"passed","title":"should rollback on error"},{"ancestorTitles":["PostgresDatabase","transaction()"],"duration":3,"failing":false,"failureDetails":[],"failureMessages":[],"fullName":"PostgresDatabase transaction() should release client after success","invocations":1,"location":null,"numPassingAsserts":1,"retryReasons":[],"startAt":1776854518795,"status":"passed","title":"should release client after success"},{"ancestorTitles":["PostgresDatabase","transaction()"],"duration":2,"failing":false,"failureDetails":[],"failureMessages":[],"fullName":"PostgresDatabase transaction() should release client after failure","invocations":1,"location":null,"numPassingAsserts":1,"retryReasons":[],"startAt":1776854518800,"status":"passed","title":"should release client after failure"},{"ancestorTitles":["PostgresDatabase","transaction()"],"duration":6,"failing":false,"failureDetails":[],"failureMessages":[],"fullName":"PostgresDatabase transaction() should throw when not initialized","invocations":1,"location":null,"numPassingAsserts":1,"retryReasons":[],"startAt":1776854518803,"status":"passed","title":"should throw when not initialized"},{"ancestorTitles":["PostgresDatabase","healthCheck()"],"duration":2,"failing":false,"failureDetails":[],"failureMessages":[],"fullName":"PostgresDatabase healthCheck() should return true when database responds","invocations":1,"location":null,"numPassingAsserts":1,"retryReasons":[],"startAt":1776854518816,"status":"passed","title":"should return true when database responds"},{"ancestorTitles":["PostgresDatabase","healthCheck()"],"duration":7510,"failing":false,"failureDetails":[],"failureMessages":[],"fullName":"PostgresDatabase healthCheck() should return false when database is down","invocations":1,"location":null,"numPassingAsserts":1,"retryReasons":[],"startAt":1776854518829,"status":"passed","title":"should return false when database is down"},{"ancestorTitles":["PostgresDatabase","safe* methods - graceful degradation","safeInsert()"],"duration":4,"failing":false,"failureDetails":[],"failureMessages":[],"fullName":"PostgresDatabase safe* methods - graceful degradation safeInsert() should perform normal insert when healthy","invocations":1,"location":null,"numPassingAsserts":2,"retryReasons":[],"startAt":1776854526341,"status":"passed","title":"should perform normal insert when healthy"},{"ancestorTitles":["PostgresDatabase","safe* methods - graceful degradation","safeInsert()"],"duration":2,"failing":false,"failureDetails":[],"failureMessages":[],"fullName":"PostgresDatabase safe* methods - graceful degradation safeInsert() should queue write when database unavailable","invocations":1,"location":null,"numPassingAsserts":2,"retryReasons":[],"startAt":1776854526346,"status":"passed","title":"should queue write when database unavailable"},{"ancestorTitles":["PostgresDatabase","safe* methods - graceful degradation","safeUpdate()"],"duration":2,"failing":false,"failureDetails":[],"failureMessages":[],"fullName":"PostgresDatabase safe* methods - graceful degradation safeUpdate() should perform normal update when healthy","invocations":1,"location":null,"numPassingAsserts":1,"retryReasons":[],"startAt":1776854526353,"status":"passed","title":"should perform normal update when healthy"},{"ancestorTitles":["PostgresDatabase","safe* methods - graceful degradation","safeUpdate()"],"duration":1,"failing":false,"failureDetails":[],"failureMessages":[],"fullName":"PostgresDatabase safe* methods - graceful degradation safeUpdate() should queue write when database unavailable","invocations":1,"location":null,"numPassingAsserts":1,"retryReasons":[],"startAt":1776854526356,"status":"passed","title":"should queue write when database unavailable"},{"ancestorTitles":["PostgresDatabase","safe* methods - graceful degradation","safeDelete()"],"duration":2,"failing":false,"failureDetails":[],"failureMessages":[],"fullName":"PostgresDatabase safe* methods - graceful degradation safeDelete() should perform normal delete when healthy","invocations":1,"location":null,"numPassingAsserts":1,"retryReasons":[],"startAt":1776854526359,"status":"passed","title":"should perform normal delete when healthy"},{"ancestorTitles":["PostgresDatabase","safe* methods - graceful degradation","safeDelete()"],"duration":5,"failing":false,"failureDetails":[],"failureMessages":[],"fullName":"PostgresDatabase safe* methods - graceful degradation safeDelete() should queue write when database unavailable","invocations":1,"location":null,"numPassingAsserts":1,"retryReasons":[],"startAt":1776854526365,"status":"passed","title":"should queue write when database unavailable"},{"ancestorTitles":["PostgresDatabase","getStatus()"],"duration":2,"failing":false,"failureDetails":[],"failureMessages":[],"fullName":"PostgresDatabase getStatus() should return status when not initialized","invocations":1,"location":null,"numPassingAsserts":3,"retryReasons":[],"startAt":1776854526377,"status":"passed","title":"should return status when not initialized"},{"ancestorTitles":["PostgresDatabase","getStatus()"],"duration":2,"failing":false,"failureDetails":[],"failureMessages":[],"fullName":"PostgresDatabase getStatus() should return connected status after init","invocations":1,"location":null,"numPassingAsserts":3,"retryReasons":[],"startAt":1776854526380,"status":"passed","title":"should return connected status after init"},{"ancestorTitles":["PostgresDatabase","close()"],"duration":2,"failing":false,"failureDetails":[],"failureMessages":[],"fullName":"PostgresDatabase close() should close pool","invocations":1,"location":null,"numPassingAsserts":2,"retryReasons":[],"startAt":1776854526383,"status":"passed","title":"should close pool"},{"ancestorTitles":["PostgresDatabase","close()"],"duration":1,"failing":false,"failureDetails":[],"failureMessages":[],"fullName":"PostgresDatabase close() should handle close when not initialized","invocations":1,"location":null,"numPassingAsserts":1,"retryReasons":[],"startAt":1776854526388,"status":"passed","title":"should handle close when not initialized"},{"ancestorTitles":["PostgresDatabase","_isReadOnlyQuery() (via _getPool routing)"],"duration":1,"failing":false,"failureDetails":[],"failureMessages":[],"fullName":"PostgresDatabase _isReadOnlyQuery() (via _getPool routing) should classify SELECT as read-only","invocations":1,"location":null,"numPassingAsserts":3,"retryReasons":[],"startAt":1776854526390,"status":"passed","title":"should classify SELECT as read-only"},{"ancestorTitles":["PostgresDatabase","_isReadOnlyQuery() (via _getPool routing)"],"duration":3,"failing":false,"failureDetails":[],"failureMessages":[],"fullName":"PostgresDatabase _isReadOnlyQuery() (via _getPool routing) should classify INSERT/UPDATE/DELETE as not read-only","invocations":1,"location":null,"numPassingAsserts":3,"retryReasons":[],"startAt":1776854526392,"status":"passed","title":"should classify INSERT/UPDATE/DELETE as not read-only"},{"ancestorTitles":["PostgresDatabase","_isReadOnlyQuery() (via _getPool routing)"],"duration":1,"failing":false,"failureDetails":[],"failureMessages":[],"fullName":"PostgresDatabase _isReadOnlyQuery() (via _getPool routing) should classify SELECT FOR UPDATE as not read-only","invocations":1,"location":null,"numPassingAsserts":2,"retryReasons":[],"startAt":1776854526400,"status":"passed","title":"should classify SELECT FOR UPDATE as not read-only"},{"ancestorTitles":["PostgresDatabase","_isReadOnlyQuery() (via _getPool routing)"],"duration":4,"failing":false,"failureDetails":[],"failureMessages":[],"fullName":"PostgresDatabase _isReadOnlyQuery() (via _getPool routing) should classify CTE with mutations as not read-only","invocations":1,"location":null,"numPassingAsserts":2,"retryReasons":[],"startAt":1776854526402,"status":"passed","title":"should classify CTE with mutations as not read-only"},{"ancestorTitles":["PostgresDatabase","_isTransientError()"],"duration":2,"failing":false,"failureDetails":[],"failureMessages":[],"fullName":"PostgresDatabase _isTransientError() should detect transient PostgreSQL error codes","invocations":1,"location":null,"numPassingAsserts":4,"retryReasons":[],"startAt":1776854526409,"status":"passed","title":"should detect transient PostgreSQL error codes"},{"ancestorTitles":["PostgresDatabase","_isTransientError()"],"duration":5,"failing":false,"failureDetails":[],"failureMessages":[],"fullName":"PostgresDatabase _isTransientError() should detect transient errors by message","invocations":1,"location":null,"numPassingAsserts":4,"retryReasons":[],"startAt":1776854526412,"status":"passed","title":"should detect transient errors by message"},{"ancestorTitles":["PostgresDatabase","_isTransientError()"],"duration":2,"failing":false,"failureDetails":[],"failureMessages":[],"fullName":"PostgresDatabase _isTransientError() should not classify syntax errors as transient","invocations":1,"location":null,"numPassingAsserts":3,"retryReasons":[],"startAt":1776854526419,"status":"passed","title":"should not classify syntax errors as transient"},{"ancestorTitles":["PostgresDatabase","_calculateRetryDelay()"],"duration":1,"failing":false,"failureDetails":[],"failureMessages":[],"fullName":"PostgresDatabase _calculateRetryDelay() should calculate exponential backoff","invocations":1,"location":null,"numPassingAsserts":1,"retryReasons":[],"startAt":1776854526422,"status":"passed","title":"should calculate exponential backoff"},{"ancestorTitles":["PostgresDatabase","_calculateRetryDelay()"],"duration":2,"failing":false,"failureDetails":[],"failureMessages":[],"fullName":"PostgresDatabase _calculateRetryDelay() should not exceed maxDelayMs","invocations":1,"location":null,"numPassingAsserts":1,"retryReasons":[],"startAt":1776854526424,"status":"passed","title":"should not exceed maxDelayMs"},{"ancestorTitles":["PostgresDatabase","_calculateRetryDelay()"],"duration":5,"failing":false,"failureDetails":[],"failureMessages":[],"fullName":"PostgresDatabase _calculateRetryDelay() should add jitter","invocations":1,"location":null,"numPassingAsserts":1,"retryReasons":[],"startAt":1776854526431,"status":"passed","title":"should add jitter"},{"ancestorTitles":["PostgresDatabase","connection error handling"],"duration":3,"failing":false,"failureDetails":[],"failureMessages":[],"fullName":"PostgresDatabase connection error handling should track consecutive failures","invocations":1,"location":null,"numPassingAsserts":2,"retryReasons":[],"startAt":1776854526445,"status":"passed","title":"should track consecutive failures"},{"ancestorTitles":["PostgresDatabase","connection error handling"],"duration":3,"failing":false,"failureDetails":[],"failureMessages":[],"fullName":"PostgresDatabase connection error handling should mark degraded after max failures","invocations":1,"location":null,"numPassingAsserts":2,"retryReasons":[],"startAt":1776854526449,"status":"passed","title":"should mark degraded after max failures"}],"endTime":1776854526579,"message":"","name":"D:\\Project\\ShoukakuBot\\shoukaku-backend\\tests\\unit\\database\\postgres.test.ts","startTime":1776854517241,"status":"passed","summary":""},{"assertionResults":[{"ancestorTitles":["AutoModService","getSettings"],"duration":7,"failing":false,"failureDetails":[],"failureMessages":[],"fullName":"AutoModService getSettings should use cacheService.getOrSet","invocations":1,"location":null,"numPassingAsserts":2,"retryReasons":[],"startAt":1776854527383,"status":"passed","title":"should use cacheService.getOrSet"},{"ancestorTitles":["AutoModService","invalidateCache"],"duration":25,"failing":false,"failureDetails":[],"failureMessages":[],"fullName":"AutoModService invalidateCache should delete settings from cache","invocations":1,"location":null,"numPassingAsserts":1,"retryReasons":[],"startAt":1776854527394,"status":"passed","title":"should delete settings from cache"},{"ancestorTitles":["AutoModService","updateSettings"],"duration":7,"failing":false,"failureDetails":[],"failureMessages":[],"fullName":"AutoModService updateSettings should update via repository and invalidate cache","invocations":1,"location":null,"numPassingAsserts":3,"retryReasons":[],"startAt":1776854527437,"status":"passed","title":"should update via repository and invalidate cache"},{"ancestorTitles":["AutoModService","toggleFeature"],"duration":3,"failing":false,"failureDetails":[],"failureMessages":[],"fullName":"AutoModService toggleFeature should toggle via repository and invalidate cache","invocations":1,"location":null,"numPassingAsserts":2,"retryReasons":[],"startAt":1776854527459,"status":"passed","title":"should toggle via repository and invalidate cache"},{"ancestorTitles":["AutoModService","shouldBypass"],"duration":1,"failing":false,"failureDetails":[],"failureMessages":[],"fullName":"AutoModService shouldBypass should bypass for bots","invocations":1,"location":null,"numPassingAsserts":1,"retryReasons":[],"startAt":1776854527464,"status":"passed","title":"should bypass for bots"},{"ancestorTitles":["AutoModService","shouldBypass"],"duration":1,"failing":false,"failureDetails":[],"failureMessages":[],"fullName":"AutoModService shouldBypass should bypass for guild owner","invocations":1,"location":null,"numPassingAsserts":1,"retryReasons":[],"startAt":1776854527467,"status":"passed","title":"should bypass for guild owner"},{"ancestorTitles":["AutoModService","shouldBypass"],"duration":1,"failing":false,"failureDetails":[],"failureMessages":[],"fullName":"AutoModService shouldBypass should bypass for admins","invocations":1,"location":null,"numPassingAsserts":1,"retryReasons":[],"startAt":1776854527468,"status":"passed","title":"should bypass for admins"},{"ancestorTitles":["AutoModService","shouldBypass"],"duration":2,"failing":false,"failureDetails":[],"failureMessages":[],"fullName":"AutoModService shouldBypass should bypass for ignored roles","invocations":1,"location":null,"numPassingAsserts":1,"retryReasons":[],"startAt":1776854527476,"status":"passed","title":"should bypass for ignored roles"},{"ancestorTitles":["AutoModService","shouldBypass"],"duration":4,"failing":false,"failureDetails":[],"failureMessages":[],"fullName":"AutoModService shouldBypass should not bypass for normal users","invocations":1,"location":null,"numPassingAsserts":1,"retryReasons":[],"startAt":1776854527484,"status":"passed","title":"should not bypass for normal users"},{"ancestorTitles":["AutoModService","shouldIgnoreChannel"],"duration":2,"failing":false,"failureDetails":[],"failureMessages":[],"fullName":"AutoModService shouldIgnoreChannel should return true for ignored channels","invocations":1,"location":null,"numPassingAsserts":1,"retryReasons":[],"startAt":1776854527496,"status":"passed","title":"should return true for ignored channels"},{"ancestorTitles":["AutoModService","shouldIgnoreChannel"],"duration":1,"failing":false,"failureDetails":[],"failureMessages":[],"fullName":"AutoModService shouldIgnoreChannel should return false for non-ignored channels","invocations":1,"location":null,"numPassingAsserts":1,"retryReasons":[],"startAt":1776854527513,"status":"passed","title":"should return false for non-ignored channels"},{"ancestorTitles":["AutoModService","checkInvites"],"duration":13,"failing":false,"failureDetails":[],"failureMessages":[],"fullName":"AutoModService checkInvites should detect discord.gg invite links","invocations":1,"location":null,"numPassingAsserts":2,"retryReasons":[],"startAt":1776854527527,"status":"passed","title":"should detect discord.gg invite links"},{"ancestorTitles":["AutoModService","checkInvites"],"duration":4,"failing":false,"failureDetails":[],"failureMessages":[],"fullName":"AutoModService checkInvites should detect discordapp.com/invite links","invocations":1,"location":null,"numPassingAsserts":1,"retryReasons":[],"startAt":1776854527603,"status":"passed","title":"should detect discordapp.com/invite links"},{"ancestorTitles":["AutoModService","checkInvites"],"duration":1,"failing":false,"failureDetails":[],"failureMessages":[],"fullName":"AutoModService checkInvites should return null when invites disabled","invocations":1,"location":null,"numPassingAsserts":1,"retryReasons":[],"startAt":1776854527620,"status":"passed","title":"should return null when invites disabled"},{"ancestorTitles":["AutoModService","checkInvites"],"duration":1,"failing":false,"failureDetails":[],"failureMessages":[],"fullName":"AutoModService checkInvites should return null for normal messages","invocations":1,"location":null,"numPassingAsserts":1,"retryReasons":[],"startAt":1776854527652,"status":"passed","title":"should return null for normal messages"},{"ancestorTitles":["AutoModService","checkLinks"],"duration":3,"failing":false,"failureDetails":[],"failureMessages":[],"fullName":"AutoModService checkLinks should allow whitelisted links","invocations":1,"location":null,"numPassingAsserts":1,"retryReasons":[],"startAt":1776854527666,"status":"passed","title":"should allow whitelisted links"},{"ancestorTitles":["AutoModService","checkLinks"],"duration":3,"failing":false,"failureDetails":[],"failureMessages":[],"fullName":"AutoModService checkLinks should detect blacklisted links","invocations":1,"location":null,"numPassingAsserts":3,"retryReasons":[],"startAt":1776854527680,"status":"passed","title":"should detect blacklisted links"},{"ancestorTitles":["AutoModService","checkLinks"],"duration":2,"failing":false,"failureDetails":[],"failureMessages":[],"fullName":"AutoModService checkLinks should allow media links when allowMedia is true","invocations":1,"location":null,"numPassingAsserts":1,"retryReasons":[],"startAt":1776854527685,"status":"passed","title":"should allow media links when allowMedia is true"},{"ancestorTitles":["AutoModService","checkLinks"],"duration":1,"failing":false,"failureDetails":[],"failureMessages":[],"fullName":"AutoModService checkLinks should return null when links disabled","invocations":1,"location":null,"numPassingAsserts":1,"retryReasons":[],"startAt":1776854527689,"status":"passed","title":"should return null when links disabled"},{"ancestorTitles":["AutoModService","checkLinks"],"duration":1,"failing":false,"failureDetails":[],"failureMessages":[],"fullName":"AutoModService checkLinks should return null for messages without URLs","invocations":1,"location":null,"numPassingAsserts":1,"retryReasons":[],"startAt":1776854527692,"status":"passed","title":"should return null for messages without URLs"},{"ancestorTitles":["AutoModService","checkMentions"],"duration":2,"failing":false,"failureDetails":[],"failureMessages":[],"fullName":"AutoModService checkMentions should detect mention spam","invocations":1,"location":null,"numPassingAsserts":2,"retryReasons":[],"startAt":1776854527700,"status":"passed","title":"should detect mention spam"},{"ancestorTitles":["AutoModService","checkMentions"],"duration":2,"failing":false,"failureDetails":[],"failureMessages":[],"fullName":"AutoModService checkMentions should count all mention types","invocations":1,"location":null,"numPassingAsserts":1,"retryReasons":[],"startAt":1776854527703,"status":"passed","title":"should count all mention types"},{"ancestorTitles":["AutoModService","checkMentions"],"duration":2,"failing":false,"failureDetails":[],"failureMessages":[],"fullName":"AutoModService checkMentions should return null when under limit","invocations":1,"location":null,"numPassingAsserts":1,"retryReasons":[],"startAt":1776854527710,"status":"passed","title":"should return null when under limit"},{"ancestorTitles":["AutoModService","checkMentions"],"duration":1,"failing":false,"failureDetails":[],"failureMessages":[],"fullName":"AutoModService checkMentions should return null when mentions disabled","invocations":1,"location":null,"numPassingAsserts":1,"retryReasons":[],"startAt":1776854527716,"status":"passed","title":"should return null when mentions disabled"},{"ancestorTitles":["AutoModService","checkCaps"],"duration":2,"failing":false,"failureDetails":[],"failureMessages":[],"fullName":"AutoModService checkCaps should detect caps spam","invocations":1,"location":null,"numPassingAsserts":2,"retryReasons":[],"startAt":1776854527720,"status":"passed","title":"should detect caps spam"},{"ancestorTitles":["AutoModService","checkCaps"],"duration":2,"failing":false,"failureDetails":[],"failureMessages":[],"fullName":"AutoModService checkCaps should return null for short messages","invocations":1,"location":null,"numPassingAsserts":1,"retryReasons":[],"startAt":1776854527739,"status":"passed","title":"should return null for short messages"},{"ancestorTitles":["AutoModService","checkCaps"],"duration":4,"failing":false,"failureDetails":[],"failureMessages":[],"fullName":"AutoModService checkCaps should return null for normal case messages","invocations":1,"location":null,"numPassingAsserts":1,"retryReasons":[],"startAt":1776854527744,"status":"passed","title":"should return null for normal case messages"},{"ancestorTitles":["AutoModService","checkCaps"],"duration":2,"failing":false,"failureDetails":[],"failureMessages":[],"fullName":"AutoModService checkCaps should return null when caps disabled","invocations":1,"location":null,"numPassingAsserts":1,"retryReasons":[],"startAt":1776854527756,"status":"passed","title":"should return null when caps disabled"},{"ancestorTitles":["AutoModService","checkCaps"],"duration":8,"failing":false,"failureDetails":[],"failureMessages":[],"fullName":"AutoModService checkCaps should strip emojis before checking","invocations":1,"location":null,"numPassingAsserts":1,"retryReasons":[],"startAt":1776854527760,"status":"passed","title":"should strip emojis before checking"},{"ancestorTitles":["AutoModService","checkSpam"],"duration":8,"failing":false,"failureDetails":[],"failureMessages":[],"fullName":"AutoModService checkSpam should detect spam when threshold reached","invocations":1,"location":null,"numPassingAsserts":3,"retryReasons":[],"startAt":1776854527772,"status":"passed","title":"should detect spam when threshold reached"},{"ancestorTitles":["AutoModService","checkSpam"],"duration":1,"failing":false,"failureDetails":[],"failureMessages":[],"fullName":"AutoModService checkSpam should return null when under threshold","invocations":1,"location":null,"numPassingAsserts":1,"retryReasons":[],"startAt":1776854527781,"status":"passed","title":"should return null when under threshold"},{"ancestorTitles":["AutoModService","checkSpam"],"duration":2,"failing":false,"failureDetails":[],"failureMessages":[],"fullName":"AutoModService checkSpam should return null when spam disabled","invocations":1,"location":null,"numPassingAsserts":1,"retryReasons":[],"startAt":1776854527784,"status":"passed","title":"should return null when spam disabled"},{"ancestorTitles":["AutoModService","checkDuplicates"],"duration":4,"failing":false,"failureDetails":[],"failureMessages":[],"fullName":"AutoModService checkDuplicates should detect duplicate messages","invocations":1,"location":null,"numPassingAsserts":2,"retryReasons":[],"startAt":1776854527791,"status":"passed","title":"should detect duplicate messages"},{"ancestorTitles":["AutoModService","checkDuplicates"],"duration":1,"failing":false,"failureDetails":[],"failureMessages":[],"fullName":"AutoModService checkDuplicates should ignore short messages","invocations":1,"location":null,"numPassingAsserts":1,"retryReasons":[],"startAt":1776854527802,"status":"passed","title":"should ignore short messages"},{"ancestorTitles":["AutoModService","checkDuplicates"],"duration":2,"failing":false,"failureDetails":[],"failureMessages":[],"fullName":"AutoModService checkDuplicates should return null when under threshold","invocations":1,"location":null,"numPassingAsserts":1,"retryReasons":[],"startAt":1776854527807,"status":"passed","title":"should return null when under threshold"},{"ancestorTitles":["AutoModService","checkWordFilter"],"duration":3,"failing":false,"failureDetails":[],"failureMessages":[],"fullName":"AutoModService checkWordFilter should detect FilterService matches","invocations":1,"location":null,"numPassingAsserts":2,"retryReasons":[],"startAt":1776854527818,"status":"passed","title":"should detect FilterService matches"},{"ancestorTitles":["AutoModService","checkWordFilter"],"duration":1,"failing":false,"failureDetails":[],"failureMessages":[],"fullName":"AutoModService checkWordFilter should check filtered_words from settings","invocations":1,"location":null,"numPassingAsserts":2,"retryReasons":[],"startAt":1776854527822,"status":"passed","title":"should check filtered_words from settings"},{"ancestorTitles":["AutoModService","checkWordFilter"],"duration":1,"failing":false,"failureDetails":[],"failureMessages":[],"fullName":"AutoModService checkWordFilter should return null when filter disabled","invocations":1,"location":null,"numPassingAsserts":1,"retryReasons":[],"startAt":1776854527827,"status":"passed","title":"should return null when filter disabled"},{"ancestorTitles":["AutoModService","checkWordFilter"],"duration":1,"failing":false,"failureDetails":[],"failureMessages":[],"fullName":"AutoModService checkWordFilter should return null for clean messages","invocations":1,"location":null,"numPassingAsserts":1,"retryReasons":[],"startAt":1776854527829,"status":"passed","title":"should return null for clean messages"},{"ancestorTitles":["AutoModService","processMessage"],"duration":2,"failing":false,"failureDetails":[],"failureMessages":[],"fullName":"AutoModService processMessage should return null for bot messages","invocations":1,"location":null,"numPassingAsserts":1,"retryReasons":[],"startAt":1776854527832,"status":"passed","title":"should return null for bot messages"},{"ancestorTitles":["AutoModService","processMessage"],"duration":4,"failing":false,"failureDetails":[],"failureMessages":[],"fullName":"AutoModService processMessage should return null for non-guild messages","invocations":1,"location":null,"numPassingAsserts":1,"retryReasons":[],"startAt":1776854527839,"status":"passed","title":"should return null for non-guild messages"},{"ancestorTitles":["AutoModService","processMessage"],"duration":1,"failing":false,"failureDetails":[],"failureMessages":[],"fullName":"AutoModService processMessage should return null when automod is disabled","invocations":1,"location":null,"numPassingAsserts":1,"retryReasons":[],"startAt":1776854527847,"status":"passed","title":"should return null when automod is disabled"},{"ancestorTitles":["AutoModService","processMessage"],"duration":1,"failing":false,"failureDetails":[],"failureMessages":[],"fullName":"AutoModService processMessage should return first violation found","invocations":1,"location":null,"numPassingAsserts":2,"retryReasons":[],"startAt":1776854527850,"status":"passed","title":"should return first violation found"},{"ancestorTitles":["AutoModService","processMessage"],"duration":5,"failing":false,"failureDetails":[],"failureMessages":[],"fullName":"AutoModService processMessage should return null for clean messages","invocations":1,"location":null,"numPassingAsserts":1,"retryReasons":[],"startAt":1776854527853,"status":"passed","title":"should return null for clean messages"},{"ancestorTitles":["AutoModService","executeAction"],"duration":2,"failing":false,"failureDetails":[],"failureMessages":[],"fullName":"AutoModService executeAction should delete message when action includes delete","invocations":1,"location":null,"numPassingAsserts":2,"retryReasons":[],"startAt":1776854527860,"status":"passed","title":"should delete message when action includes delete"},{"ancestorTitles":["AutoModService","executeAction"],"duration":1,"failing":false,"failureDetails":[],"failureMessages":[],"fullName":"AutoModService executeAction should track warn count and not escalate below threshold","invocations":1,"location":null,"numPassingAsserts":4,"retryReasons":[],"startAt":1776854527863,"status":"passed","title":"should track warn count and not escalate below threshold"},{"ancestorTitles":["AutoModService","executeAction"],"duration":2,"failing":false,"failureDetails":[],"failureMessages":[],"fullName":"AutoModService executeAction should escalate to mute at threshold","invocations":1,"location":null,"numPassingAsserts":4,"retryReasons":[],"startAt":1776854527876,"status":"passed","title":"should escalate to mute at threshold"},{"ancestorTitles":["AutoModService","executeAction"],"duration":2,"failing":false,"failureDetails":[],"failureMessages":[],"fullName":"AutoModService executeAction should log infraction via InfractionService","invocations":1,"location":null,"numPassingAsserts":1,"retryReasons":[],"startAt":1776854527879,"status":"passed","title":"should log infraction via InfractionService"},{"ancestorTitles":["AutoModService","addIgnoredChannel"],"duration":1,"failing":false,"failureDetails":[],"failureMessages":[],"fullName":"AutoModService addIgnoredChannel should add channel to ignored list","invocations":1,"location":null,"numPassingAsserts":1,"retryReasons":[],"startAt":1776854527882,"status":"passed","title":"should add channel to ignored list"},{"ancestorTitles":["AutoModService","addIgnoredChannel"],"duration":2,"failing":false,"failureDetails":[],"failureMessages":[],"fullName":"AutoModService addIgnoredChannel should not add duplicate channel","invocations":1,"location":null,"numPassingAsserts":1,"retryReasons":[],"startAt":1776854527886,"status":"passed","title":"should not add duplicate channel"},{"ancestorTitles":["AutoModService","removeIgnoredChannel"],"duration":13,"failing":false,"failureDetails":[],"failureMessages":[],"fullName":"AutoModService removeIgnoredChannel should remove channel from ignored list","invocations":1,"location":null,"numPassingAsserts":1,"retryReasons":[],"startAt":1776854527890,"status":"passed","title":"should remove channel from ignored list"},{"ancestorTitles":["AutoModService","addIgnoredRole"],"duration":2,"failing":false,"failureDetails":[],"failureMessages":[],"fullName":"AutoModService addIgnoredRole should add role to ignored list","invocations":1,"location":null,"numPassingAsserts":1,"retryReasons":[],"startAt":1776854527906,"status":"passed",
[...]
itles":["MessageCreateEvent","execute()"],"duration":12,"failing":false,"failureDetails":[],"failureMessages":[],"fullName":"MessageCreateEvent execute() should ignore bot messages","invocations":1,"location":null,"numPassingAsserts":2,"retryReasons":[],"startAt":1776854634913,"status":"passed","title":"should ignore bot messages"},{"ancestorTitles":["MessageCreateEvent","execute()"],"duration":8,"failing":false,"failureDetails":[],"failureMessages":[],"fullName":"MessageCreateEvent execute() should ignore DM messages","invocations":1,"location":null,"numPassingAsserts":2,"retryReasons":[],"startAt":1776854634938,"status":"passed","title":"should ignore DM messages"},{"ancestorTitles":["MessageCreateEvent","execute()"],"duration":2,"failing":false,"failureDetails":[],"failureMessages":[],"fullName":"MessageCreateEvent execute() should run automod before AFK handling","invocations":1,"location":null,"numPassingAsserts":1,"retryReasons":[],"startAt":1776854634969,"status":"passed","title":"should run automod before AFK handling"},{"ancestorTitles":["MessageCreateEvent","execute()"],"duration":2,"failing":false,"failureDetails":[],"failureMessages":[],"fullName":"MessageCreateEvent execute() should skip AFK handling if automod deleted the message","invocations":1,"location":null,"numPassingAsserts":2,"retryReasons":[],"startAt":1776854634981,"status":"passed","title":"should skip AFK handling if automod deleted the message"},{"ancestorTitles":["MessageCreateEvent","execute()"],"duration":2,"failing":false,"failureDetails":[],"failureMessages":[],"fullName":"MessageCreateEvent execute() should skip AFK handling if automod returns { deleted: true }","invocations":1,"location":null,"numPassingAsserts":1,"retryReasons":[],"startAt":1776854634988,"status":"passed","title":"should skip AFK handling if automod returns { deleted: true }"},{"ancestorTitles":["MessageCreateEvent","execute()"],"duration":2,"failing":false,"failureDetails":[],"failureMessages":[],"fullName":"MessageCreateEvent execute() should continue to AFK if automod returns { deleted: false }","invocations":1,"location":null,"numPassingAsserts":1,"retryReasons":[],"startAt":1776854634995,"status":"passed","title":"should continue to AFK if automod returns { deleted: false }"},{"ancestorTitles":["MessageCreateEvent","execute()"],"duration":1,"failing":false,"failureDetails":[],"failureMessages":[],"fullName":"MessageCreateEvent execute() should continue to AFK if automod returns null","invocations":1,"location":null,"numPassingAsserts":1,"retryReasons":[],"startAt":1776854635000,"status":"passed","title":"should continue to AFK if automod returns null"},{"ancestorTitles":["MessageCreateEvent","execute()"],"duration":2,"failing":false,"failureDetails":[],"failureMessages":[],"fullName":"MessageCreateEvent execute() should handle automod errors gracefully","invocations":1,"location":null,"numPassingAsserts":2,"retryReasons":[],"startAt":1776854635002,"status":"passed","title":"should handle automod errors gracefully"},{"ancestorTitles":["MessageCreateEvent","execute()"],"duration":1,"failing":false,"failureDetails":[],"failureMessages":[],"fullName":"MessageCreateEvent execute() should handle AFK errors silently","invocations":1,"location":null,"numPassingAsserts":0,"retryReasons":[],"startAt":1776854635006,"status":"passed","title":"should handle AFK errors silently"}],"endTime":1776854635118,"message":"","name":"D:\\Project\\ShoukakuBot\\shoukaku-backend\\tests\\unit\\events\\messageCreate.test.ts","startTime":1776854633891,"status":"passed","summary":""},{"assertionResults":[{"ancestorTitles":["InviteCommand","metadata"],"duration":5,"failing":false,"failureDetails":[],"failureMessages":[],"fullName":"InviteCommand metadata should have correct command name","invocations":1,"location":null,"numPassingAsserts":1,"retryReasons":[],"startAt":1776854637273,"status":"passed","title":"should have correct command name"},{"ancestorTitles":["InviteCommand","metadata"],"duration":1,"failing":false,"failureDetails":[],"failureMessages":[],"fullName":"InviteCommand metadata should have correct category","invocations":1,"location":null,"numPassingAsserts":1,"retryReasons":[],"startAt":1776854637299,"status":"passed","title":"should have correct category"},{"ancestorTitles":["InviteCommand","metadata"],"duration":26,"failing":false,"failureDetails":[],"failureMessages":[],"fullName":"InviteCommand metadata should be ephemeral","invocations":1,"location":null,"numPassingAsserts":1,"retryReasons":[],"startAt":1776854637330,"status":"passed","title":"should be ephemeral"},{"ancestorTitles":["InviteCommand","metadata"],"duration":3,"failing":false,"failureDetails":[],"failureMessages":[],"fullName":"InviteCommand metadata should have 10s cooldown","invocations":1,"location":null,"numPassingAsserts":1,"retryReasons":[],"startAt":1776854637383,"status":"passed","title":"should have 10s cooldown"},{"ancestorTitles":["InviteCommand","run()"],"duration":9,"failing":false,"failureDetails":[],"failureMessages":[],"fullName":"InviteCommand run() should reply with invite embed and buttons","invocations":1,"location":null,"numPassingAsserts":1,"retryReasons":[],"startAt":1776854637445,"status":"passed","title":"should reply with invite embed and buttons"},{"ancestorTitles":["InviteCommand","run()"],"duration":13,"failing":false,"failureDetails":[],"failureMessages":[],"fullName":"InviteCommand run() should include 3 invite buttons","invocations":1,"location":null,"numPassingAsserts":2,"retryReasons":[],"startAt":1776854637520,"status":"passed","title":"should include 3 invite buttons"},{"ancestorTitles":["InviteCommand","run()"],"duration":35,"failing":false,"failureDetails":[],"failureMessages":[],"fullName":"InviteCommand run() should generate correct invite URLs with client ID","invocations":1,"location":null,"numPassingAsserts":3,"retryReasons":[],"startAt":1776854637580,"status":"passed","title":"should generate correct invite URLs with client ID"},{"ancestorTitles":["InviteCommand","run()"],"duration":3,"failing":false,"failureDetails":[],"failureMessages":[],"fullName":"InviteCommand run() should include Full Access, Music Only, and Basic options","invocations":1,"location":null,"numPassingAsserts":3,"retryReasons":[],"startAt":1776854637652,"status":"passed","title":"should include Full Access, Music Only, and Basic options"}],"endTime":1776854637769,"message":"","name":"D:\\Project\\ShoukakuBot\\shoukaku-backend\\tests\\unit\\commands\\invite.test.ts","startTime":1776854635144,"status":"passed","summary":""},{"assertionResults":[{"ancestorTitles":["MessageUpdateEvent","constructor"],"duration":3,"failing":false,"failureDetails":[],"failureMessages":[],"fullName":"MessageUpdateEvent constructor should have correct event name","invocations":1,"location":null,"numPassingAsserts":1,"retryReasons":[],"startAt":1776854638889,"status":"passed","title":"should have correct event name"},{"ancestorTitles":["MessageUpdateEvent","constructor"],"duration":0,"failing":false,"failureDetails":[],"failureMessages":[],"fullName":"MessageUpdateEvent constructor should not be a once event","invocations":1,"location":null,"numPassingAsserts":1,"retryReasons":[],"startAt":1776854638895,"status":"passed","title":"should not be a once event"},{"ancestorTitles":["MessageUpdateEvent","execute()"],"duration":2,"failing":false,"failureDetails":[],"failureMessages":[],"fullName":"MessageUpdateEvent execute() should ignore bot message edits","invocations":1,"location":null,"numPassingAsserts":2,"retryReasons":[],"startAt":1776854638900,"status":"passed","title":"should ignore bot message edits"},{"ancestorTitles":["MessageUpdateEvent","execute()"],"duration":3,"failing":false,"failureDetails":[],"failureMessages":[],"fullName":"MessageUpdateEvent execute() should ignore DM message edits","invocations":1,"location":null,"numPassingAsserts":1,"retryReasons":[],"startAt":1776854638903,"status":"passed","title":"should ignore DM message edits"},{"ancestorTitles":["MessageUpdateEvent","execute()"],"duration":2,"failing":false,"failureDetails":[],"failureMessages":[],"fullName":"MessageUpdateEvent execute() should ignore edits where content did not change","invocations":1,"location":null,"numPassingAsserts":1,"retryReasons":[],"startAt":1776854638915,"status":"passed","title":"should ignore edits where content did not change"},{"ancestorTitles":["MessageUpdateEvent","execute()"],"duration":2,"failing":false,"failureDetails":[],"failureMessages":[],"fullName":"MessageUpdateEvent execute() should run automod and mod log on valid edit","invocations":1,"location":null,"numPassingAsserts":2,"retryReasons":[],"startAt":1776854638918,"status":"passed","title":"should run automod and mod log on valid edit"},{"ancestorTitles":["MessageUpdateEvent","execute()"],"duration":1,"failing":false,"failureDetails":[],"failureMessages":[],"fullName":"MessageUpdateEvent execute() should fetch partial old messages","invocations":1,"location":null,"numPassingAsserts":1,"retryReasons":[],"startAt":1776854638925,"status":"passed","title":"should fetch partial old messages"},{"ancestorTitles":["MessageUpdateEvent","execute()"],"duration":1,"failing":false,"failureDetails":[],"failureMessages":[],"fullName":"MessageUpdateEvent execute() should handle partial fetch failure gracefully","invocations":1,"location":null,"numPassingAsserts":1,"retryReasons":[],"startAt":1776854638926,"status":"passed","title":"should handle partial fetch failure gracefully"},{"ancestorTitles":["MessageUpdateEvent","execute()"],"duration":0,"failing":false,"failureDetails":[],"failureMessages":[],"fullName":"MessageUpdateEvent execute() should handle automod error gracefully","invocations":1,"location":null,"numPassingAsserts":1,"retryReasons":[],"startAt":1776854638928,"status":"passed","title":"should handle automod error gracefully"},{"ancestorTitles":["MessageUpdateEvent","execute()"],"duration":1,"failing":false,"failureDetails":[],"failureMessages":[],"fullName":"MessageUpdateEvent execute() should handle mod log error gracefully","invocations":1,"location":null,"numPassingAsserts":0,"retryReasons":[],"startAt":1776854638929,"status":"passed","title":"should handle mod log error gracefully"}],"endTime":1776854639033,"message":"","name":"D:\\Project\\ShoukakuBot\\shoukaku-backend\\tests\\unit\\events\\messageUpdate.test.ts","startTime":1776854637801,"status":"passed","summary":""},{"assertionResults":[{"ancestorTitles":["BaseEvent","constructor"],"duration":5,"failing":false,"failureDetails":[],"failureMessages":[],"fullName":"BaseEvent constructor should set name and once from options","invocations":1,"location":null,"numPassingAsserts":2,"retryReasons":[],"startAt":1776854639338,"status":"passed","title":"should set name and once from options"},{"ancestorTitles":["BaseEvent","constructor"],"duration":1,"failing":false,"failureDetails":[],"failureMessages":[],"fullName":"BaseEvent constructor should default once to false","invocations":1,"location":null,"numPassingAsserts":1,"retryReasons":[],"startAt":1776854639348,"status":"passed","title":"should default once to false"},{"ancestorTitles":["BaseEvent","constructor"],"duration":3,"failing":false,"failureDetails":[],"failureMessages":[],"fullName":"BaseEvent constructor should set once to true when specified","invocations":1,"location":null,"numPassingAsserts":1,"retryReasons":[],"startAt":1776854639353,"status":"passed","title":"should set once to true when specified"},{"ancestorTitles":["BaseEvent","constructor"],"duration":33,"failing":false,"failureDetails":[],"failureMessages":[],"fullName":"BaseEvent constructor should throw when instantiating BaseEvent directly","invocations":1,"location":null,"numPassingAsserts":1,"retryReasons":[],"startAt":1776854639364,"status":"passed","title":"should throw when instantiating BaseEvent directly"},{"ancestorTitles":["BaseEvent","safeExecute()"],"duration":4,"failing":false,"failureDetails":[],"failureMessages":[],"fullName":"BaseEvent safeExecute() should call execute() with client and args","invocations":1,"location":null,"numPassingAsserts":1,"retryReasons":[],"startAt":1776854639408,"status":"passed","title":"should call execute() with client and args"},{"ancestorTitles":["BaseEvent","safeExecute()"],"duration":2,"failing":false,"failureDetails":[],"failureMessages":[],"fullName":"BaseEvent safeExecute() should catch errors and log them","invocations":1,"location":null,"numPassingAsserts":1,"retryReasons":[],"startAt":1776854639415,"status":"passed","title":"should catch errors and log them"},{"ancestorTitles":["BaseEvent","safeExecute()"],"duration":9,"failing":false,"failureDetails":[],"failureMessages":[],"fullName":"BaseEvent safeExecute() should log stack trace on error","invocations":1,"location":null,"numPassingAsserts":1,"retryReasons":[],"startAt":1776854639418,"status":"passed","title":"should log stack trace on error"},{"ancestorTitles":["BaseEvent","safeExecute()"],"duration":1,"failing":false,"failureDetails":[],"failureMessages":[],"fullName":"BaseEvent safeExecute() should handle non-Error objects thrown","invocations":1,"location":null,"numPassingAsserts":1,"retryReasons":[],"startAt":1776854639428,"status":"passed","title":"should handle non-Error objects thrown"},{"ancestorTitles":["BaseEvent","safeExecute()"],"duration":2,"failing":false,"failureDetails":[],"failureMessages":[],"fullName":"BaseEvent safeExecute() should not throw even on catastrophic errors","invocations":1,"location":null,"numPassingAsserts":1,"retryReasons":[],"startAt":1776854639430,"status":"passed","title":"should not throw even on catastrophic errors"},{"ancestorTitles":["BaseEvent","safeExecute()"],"duration":2,"failing":false,"failureDetails":[],"failureMessages":[],"fullName":"BaseEvent safeExecute() should pass through return value silently (void)","invocations":1,"location":null,"numPassingAsserts":1,"retryReasons":[],"startAt":1776854639445,"status":"passed","title":"should pass through return value silently (void)"}],"endTime":1776854639560,"message":"","name":"D:\\Project\\ShoukakuBot\\shoukaku-backend\\tests\\unit\\events\\BaseEvent.test.ts","startTime":1776854639165,"status":"passed","summary":""},{"assertionResults":[{"ancestorTitles":["GuildDeleteEvent","constructor"],"duration":2,"failing":false,"failureDetails":[],"failureMessages":[],"fullName":"GuildDeleteEvent constructor should have correct event name","invocations":1,"location":null,"numPassingAsserts":1,"retryReasons":[],"startAt":1776854640390,"status":"passed","title":"should have correct event name"},{"ancestorTitles":["GuildDeleteEvent","constructor"],"duration":1,"failing":false,"failureDetails":[],"failureMessages":[],"fullName":"GuildDeleteEvent constructor should not be a once event","invocations":1,"location":null,"numPassingAsserts":1,"retryReasons":[],"startAt":1776854640396,"status":"passed","title":"should not be a once event"},{"ancestorTitles":["GuildDeleteEvent","execute()"],"duration":2,"failing":false,"failureDetails":[],"failureMessages":[],"fullName":"GuildDeleteEvent execute() should log guild leave","invocations":1,"location":null,"numPassingAsserts":1,"retryReasons":[],"startAt":1776854640397,"status":"passed","title":"should log guild leave"},{"ancestorTitles":["GuildDeleteEvent","execute()"],"duration":3,"failing":false,"failureDetails":[],"failureMessages":[],"fullName":"GuildDeleteEvent execute() should log detailed embed event","invocations":1,"location":null,"numPassingAsserts":1,"retryReasons":[],"startAt":1776854640401,"status":"passed","title":"should log detailed embed event"},{"ancestorTitles":["GuildDeleteEvent","execute()"],"duration":4,"failing":false,"failureDetails":[],"failureMessages":[],"fullName":"GuildDeleteEvent execute() should clean up all guild-scoped cache namespaces","invocations":1,"location":null,"numPassingAsserts":8,"retryReasons":[],"startAt":1776854640412,"status":"passed","title":"should clean up all guild-scoped cache namespaces"},{"ancestorTitles":["GuildDeleteEvent","execute()"],"duration":3,"failing":false,"failureDetails":[],"failureMessages":[],"fullName":"GuildDeleteEvent execute() should log cleanup count when entries were deleted","invocations":1,"location":null,"numPassingAsserts":1,"retryReasons":[],"startAt":1776854640419,"status":"passed","title":"should log cleanup count when entries were deleted"},{"ancestorTitles":["GuildDeleteEvent","execute()"],"duration":1,"failing":false,"failureDetails":[],"failureMessages":[],"fullName":"GuildDeleteEvent execute() should not log cleanup when no entries were deleted","invocations":1,"location":null,"numPassingAsserts":1,"retryReasons":[],"startAt":1776854640425,"status":"passed","title":"should not log cleanup when no entries were deleted"},{"ancestorTitles":["GuildDeleteEvent","execute()"],"duration":1,"failing":false,"failureDetails":[],"failureMessages":[],"fullName":"GuildDeleteEvent execute() should handle cache cleanup failure gracefully","invocations":1,"location":null,"numPassingAsserts":1,"retryReasons":[],"startAt":1776854640427,"status":"passed","title":"should handle cache cleanup failure gracefully"}],"endTime":1776854640544,"message":"","name":"D:\\Project\\ShoukakuBot\\shoukaku-backend\\tests\\unit\\events\\guildDelete.test.ts","startTime":1776854639588,"status":"passed","summary":""},{"assertionResults":[{"ancestorTitles":["GuildCreateEvent","constructor"],"duration":2,"failing":false,"failureDetails":[],"failureMessages":[],"fullName":"GuildCreateEvent constructor should have correct event name","invocations":1,"location":null,"numPassingAsserts":1,"retryReasons":[],"startAt":1776854641221,"status":"passed","title":"should have correct event name"},{"ancestorTitles":["GuildCreateEvent","constructor"],"duration":0,"failing":false,"failureDetails":[],"failureMessages":[],"fullName":"GuildCreateEvent constructor should not be a once event","invocations":1,"location":null,"numPassingAsserts":1,"retryReasons":[],"startAt":1776854641225,"status":"passed","title":"should not be a once event"},{"ancestorTitles":["GuildCreateEvent","execute()"],"duration":2,"failing":false,"failureDetails":[],"failureMessages":[],"fullName":"GuildCreateEvent execute() should log guild join","invocations":1,"location":null,"numPassingAsserts":1,"retryReasons":[],"startAt":1776854641226,"status":"passed","title":"should log guild join"},{"ancestorTitles":["GuildCreateEvent","execute()"],"duration":1,"failing":false,"failureDetails":[],"failureMessages":[],"fullName":"GuildCreateEvent execute() should log detailed guild event","invocations":1,"location":null,"numPassingAsserts":1,"retryReasons":[],"startAt":1776854641230,"status":"passed","title":"should log detailed guild event"},{"ancestorTitles":["GuildCreateEvent","execute()"],"duration":1,"failing":false,"failureDetails":[],"failureMessages":[],"fullName":"GuildCreateEvent execute() should start setup wizard for new guild","invocations":1,"location":null,"numPassingAsserts":1,"retryReasons":[],"startAt":1776854641238,"status":"passed","title":"should start setup wizard for new guild"}],"endTime":1776854641357,"message":"","name":"D:\\Project\\ShoukakuBot\\shoukaku-backend\\tests\\unit\\events\\guildCreate.test.ts","startTime":1776854640555,"status":"passed","summary":""},{"assertionResults":[{"ancestorTitles":["Rule34 Live Random Pagination"],"duration":null,"failing":false,"failureDetails":[],"failureMessages":[],"fullName":"Rule34 Live Random Pagination keeps random page size stable and can fetch next-page candidates","invocations":1,"location":null,"numPassingAsserts":0,"retryReasons":[],"startAt":1776854642486,"status":"pending","title":"keeps random page size stable and can fetch next-page candidates"}],"coverage":{},"endTime":1776854657925,"message":"","name":"D:\\Project\\ShoukakuBot\\shoukaku-backend\\tests\\integration\\rule34-live.integration.test.ts","startTime":1776854657925,"status":"skipped","summary":""}],"wasInterrupted":false}
